[debug] [2025-11-24T13:49:30.681Z] ----------------------------------------------------------------------
[debug] [2025-11-24T13:49:30.684Z] Command:       C:\Program Files\nodejs\node.exe C:\Users\User\AppData\Roaming\npm\node_modules\firebase-tools\lib\bin\firebase.js emulators:start --only functions
[debug] [2025-11-24T13:49:30.684Z] CLI Version:   14.26.0
[debug] [2025-11-24T13:49:30.684Z] Platform:      win32
[debug] [2025-11-24T13:49:30.684Z] Node Version:  v20.10.0
[debug] [2025-11-24T13:49:30.684Z] Time:          Mon Nov 24 2025 14:49:30 GMT+0100 (Mitteleuropäische Normalzeit)
[debug] [2025-11-24T13:49:30.684Z] ----------------------------------------------------------------------
[debug] 
[debug] [2025-11-24T13:49:30.878Z] Object "" in "firebase.json" has unknown property: {"additionalProperty":"projectId"}
[debug] [2025-11-24T13:49:30.882Z] > command requires scopes: ["email","openid","https://www.googleapis.com/auth/cloudplatformprojects.readonly","https://www.googleapis.com/auth/firebase","https://www.googleapis.com/auth/cloud-platform"]
[debug] [2025-11-24T13:49:30.883Z] > authorizing via signed-in user (ducii_lan@hotmail.de)
[info] i  emulators: Starting emulators: functions {"metadata":{"emulator":{"name":"hub"},"message":"Starting emulators: functions"}}
[debug] [2025-11-24T13:49:30.896Z] [logging] Logging Emulator only supports listening on one address (127.0.0.1). Not listening on ::1
[debug] [2025-11-24T13:49:30.896Z] assigned listening specs for emulators {"user":{"hub":[{"address":"127.0.0.1","family":"IPv4","port":4400},{"address":"::1","family":"IPv6","port":4400}],"ui":[{"address":"127.0.0.1","family":"IPv4","port":4000},{"address":"::1","family":"IPv6","port":4000}],"logging":[{"address":"127.0.0.1","family":"IPv4","port":4500}]},"metadata":{"message":"assigned listening specs for emulators"}}
[debug] [2025-11-24T13:49:30.899Z] Emulator locator file path: C:\Users\User\AppData\Local\Temp\hub-mobsyscloudprak.json
[debug] [2025-11-24T13:49:30.899Z] [hub] writing locator at C:\Users\User\AppData\Local\Temp\hub-mobsyscloudprak.json
[debug] [2025-11-24T13:49:30.916Z] [functions] Functions Emulator only supports listening on one address (127.0.0.1). Not listening on ::1
[debug] [2025-11-24T13:49:30.916Z] [eventarc] Eventarc Emulator only supports listening on one address (127.0.0.1). Not listening on ::1
[debug] [2025-11-24T13:49:30.916Z] [tasks] Cloud Tasks Emulator only supports listening on one address (127.0.0.1). Not listening on ::1
[debug] [2025-11-24T13:49:30.916Z] late-assigned ports for functions and eventarc emulators {"user":{"hub":[{"address":"127.0.0.1","family":"IPv4","port":4400},{"address":"::1","family":"IPv6","port":4400}],"ui":[{"address":"127.0.0.1","family":"IPv4","port":4000},{"address":"::1","family":"IPv6","port":4000}],"logging":[{"address":"127.0.0.1","family":"IPv4","port":4500}],"functions":[{"address":"127.0.0.1","family":"IPv4","port":5001}],"eventarc":[{"address":"127.0.0.1","family":"IPv4","port":9299}],"tasks":[{"address":"127.0.0.1","family":"IPv4","port":9499}]},"metadata":{"message":"late-assigned ports for functions and eventarc emulators"}}
[warn] !  functions: The following emulators are not running, calls to these services from the Functions emulator will affect production: apphosting, auth, firestore, database, hosting, pubsub, storage, dataconnect {"metadata":{"emulator":{"name":"functions"},"message":"The following emulators are not running, calls to these services from the Functions emulator will affect production: \u001b[1mapphosting, auth, firestore, database, hosting, pubsub, storage, dataconnect\u001b[22m"}}
[debug] [2025-11-24T13:49:30.951Z] defaultcredentials: writing to file C:\Users\User\AppData\Roaming\firebase\ducii_lan_hotmail_de_application_default_credentials.json
[debug] [2025-11-24T13:49:30.952Z] Setting GAC to C:\Users\User\AppData\Roaming\firebase\ducii_lan_hotmail_de_application_default_credentials.json {"metadata":{"emulator":{"name":"functions"},"message":"Setting GAC to C:\\Users\\User\\AppData\\Roaming\\firebase\\ducii_lan_hotmail_de_application_default_credentials.json"}}
[debug] [2025-11-24T13:49:30.953Z] Checked if tokens are valid: true, expires at: 1763995098379
[debug] [2025-11-24T13:49:30.953Z] Checked if tokens are valid: true, expires at: 1763995098379
[debug] [2025-11-24T13:49:30.954Z] >>> [apiv2][query] GET https://firebase.googleapis.com/v1beta1/projects/mobsyscloudprak/adminSdkConfig [none]
[debug] [2025-11-24T13:49:31.325Z] <<< [apiv2][status] GET https://firebase.googleapis.com/v1beta1/projects/mobsyscloudprak/adminSdkConfig 200
[debug] [2025-11-24T13:49:31.325Z] <<< [apiv2][body] GET https://firebase.googleapis.com/v1beta1/projects/mobsyscloudprak/adminSdkConfig {"projectId":"mobsyscloudprak","storageBucket":"mobsyscloudprak.firebasestorage.app"}
[info] i  functions: Watching "C:\Users\User\AndroidStudioProjects\MobSysCloud_Prak1\functions" for Cloud Functions... {"metadata":{"emulator":{"name":"functions"},"message":"Watching \"C:\\Users\\User\\AndroidStudioProjects\\MobSysCloud_Prak1\\functions\" for Cloud Functions..."}}
[debug] [2025-11-24T13:49:31.348Z] Validating nodejs source
[debug] [2025-11-24T13:49:32.598Z] > [functions] package.json contents: {
  "name": "functions",
  "scripts": {
    "lint": "eslint --ext .js,.ts .",
    "build": "tsc",
    "build:watch": "tsc --watch",
    "serve": "npm run build && firebase emulators:start --only functions",
    "shell": "npm run build && firebase functions:shell",
    "start": "npm run shell",
    "deploy": "firebase deploy --only functions",
    "logs": "firebase functions:log"
  },
  "engines": {
    "node": "24"
  },
  "main": "lib/index.js",
  "dependencies": {
    "firebase-admin": "^13.6.0",
    "firebase-functions": "^7.0.0"
  },
  "devDependencies": {
    "@typescript-eslint/eslint-plugin": "^5.12.0",
    "@typescript-eslint/parser": "^5.12.0",
    "eslint": "^8.9.0",
    "eslint-config-google": "^0.14.0",
    "eslint-plugin-import": "^2.25.4",
    "firebase-functions-test": "^3.4.1",
    "typescript": "^5.7.3"
  },
  "private": true
}
[debug] [2025-11-24T13:49:32.598Z] Building nodejs source
[debug] [2025-11-24T13:49:32.599Z] Failed to find version of module node: reached end of search path C:\Users\User\AndroidStudioProjects\MobSysCloud_Prak1\functions\node_modules
[warn] !  functions: Your requested "node" version "24" doesn't match your global version "20". Using node@20 from host. 
[debug] [2025-11-24T13:49:32.601Z] Could not find functions.yaml. Must use http discovery
[debug] [2025-11-24T13:49:32.610Z] Found firebase-functions binary at 'C:\Users\User\AndroidStudioProjects\MobSysCloud_Prak1\functions\node_modules\.bin\firebase-functions'
[info] Serving at port 8946

[debug] [2025-11-24T13:49:33.222Z] Got response from /__/functions.yaml {"endpoints":{"getServerStatus":{"availableMemoryMb":null,"timeoutSeconds":null,"minInstances":null,"maxInstances":null,"ingressSettings":null,"concurrency":null,"serviceAccountEmail":null,"vpc":null,"platform":"gcfv2","labels":{},"httpsTrigger":{},"entryPoint":"getServerStatus"},"getUsers":{"availableMemoryMb":null,"timeoutSeconds":null,"minInstances":null,"maxInstances":null,"ingressSettings":null,"concurrency":null,"serviceAccountEmail":null,"vpc":null,"platform":"gcfv2","labels":{},"httpsTrigger":{},"entryPoint":"getUsers"},"getLocations":{"availableMemoryMb":null,"timeoutSeconds":null,"minInstances":null,"maxInstances":null,"ingressSettings":null,"concurrency":null,"serviceAccountEmail":null,"vpc":null,"platform":"gcfv2","labels":{},"httpsTrigger":{},"entryPoint":"getLocations"},"getCounts":{"availableMemoryMb":null,"timeoutSeconds":null,"minInstances":null,"maxInstances":null,"ingressSettings":null,"concurrency":null,"serviceAccountEmail":null,"vpc":null,"platform":"gcfv2","labels":{},"httpsTrigger":{},"entryPoint":"getCounts"},"getTemperatures":{"availableMemoryMb":null,"timeoutSeconds":null,"minInstances":null,"maxInstances":null,"ingressSettings":null,"concurrency":null,"serviceAccountEmail":null,"vpc":null,"platform":"gcfv2","labels":{},"httpsTrigger":{},"entryPoint":"getTemperatures"}},"specVersion":"v1alpha1","requiredAPIs":[],"extensions":{}}
[info] +  functions: Loaded functions definitions from source: getServerStatus, getUsers, getLocations, getCounts, getTemperatures. {"metadata":{"emulator":{"name":"functions"},"message":"Loaded functions definitions from source: getServerStatus, getUsers, getLocations, getCounts, getTemperatures."}}
[info] +  functions[us-central1-getServerStatus]: http function initialized (http://127.0.0.1:5001/mobsyscloudprak/us-central1/getServerStatus). {"metadata":{"emulator":{"name":"functions"},"message":"\u001b[1mhttp\u001b[22m function initialized (http://127.0.0.1:5001/mobsyscloudprak/us-central1/getServerStatus)."}}
[info] +  functions[us-central1-getUsers]: http function initialized (http://127.0.0.1:5001/mobsyscloudprak/us-central1/getUsers). {"metadata":{"emulator":{"name":"functions"},"message":"\u001b[1mhttp\u001b[22m function initialized (http://127.0.0.1:5001/mobsyscloudprak/us-central1/getUsers)."}}
[info] +  functions[us-central1-getLocations]: http function initialized (http://127.0.0.1:5001/mobsyscloudprak/us-central1/getLocations). {"metadata":{"emulator":{"name":"functions"},"message":"\u001b[1mhttp\u001b[22m function initialized (http://127.0.0.1:5001/mobsyscloudprak/us-central1/getLocations)."}}
[info] +  functions[us-central1-getCounts]: http function initialized (http://127.0.0.1:5001/mobsyscloudprak/us-central1/getCounts). {"metadata":{"emulator":{"name":"functions"},"message":"\u001b[1mhttp\u001b[22m function initialized (http://127.0.0.1:5001/mobsyscloudprak/us-central1/getCounts)."}}
[info] +  functions[us-central1-getTemperatures]: http function initialized (http://127.0.0.1:5001/mobsyscloudprak/us-central1/getTemperatures). {"metadata":{"emulator":{"name":"functions"},"message":"\u001b[1mhttp\u001b[22m function initialized (http://127.0.0.1:5001/mobsyscloudprak/us-central1/getTemperatures)."}}
[debug] [2025-11-24T13:49:38.275Z] Could not find VSCode notification endpoint: FetchError: request to http://localhost:40001/vscode/notify failed, reason: . If you are not running the Firebase Data Connect VSCode extension, this is expected and not an issue.
[info] 
┌─────────────────────────────────────────────────────────────┐
│ ✔  All emulators ready! It is now safe to connect your app. │
│ i  View Emulator UI at http://127.0.0.1:4000/               │
└─────────────────────────────────────────────────────────────┘

┌───────────┬────────────────┬─────────────────────────────────┐
│ Emulator  │ Host:Port      │ View in Emulator UI             │
├───────────┼────────────────┼─────────────────────────────────┤
│ Functions │ 127.0.0.1:5001 │ http://127.0.0.1:4000/functions │
└───────────┴────────────────┴─────────────────────────────────┘
  Emulator Hub host: 127.0.0.1 port: 4400
  Other reserved ports: 4500

Issues? Report them at https://github.com/firebase/firebase-tools/issues and attach the *-debug.log files.
 
[debug] [2025-11-24T13:49:55.358Z] [work-queue] {"queuedWork":["/mobsyscloudprak/us-central1/getUsers-2025-11-24T13:49:55.358Z"],"queueLength":1,"runningWork":[],"workRunningCount":0}
[debug] [2025-11-24T13:49:55.358Z] [work-queue] {"queuedWork":[],"queueLength":0,"runningWork":["/mobsyscloudprak/us-central1/getUsers-2025-11-24T13:49:55.358Z"],"workRunningCount":1}
[debug] [2025-11-24T13:49:55.358Z] Accepted request GET /mobsyscloudprak/us-central1/getUsers --> us-central1-getUsers
[debug] [2025-11-24T13:49:55.359Z] [functions] Runtime ready! Sending request! {"metadata":{"emulator":{"name":"functions"},"message":"[functions] Runtime ready! Sending request!"}}
[debug] [2025-11-24T13:49:55.359Z] [functions] Got req.url=/mobsyscloudprak/us-central1/getUsers, mapping to path=/ {"metadata":{"emulator":{"name":"functions"},"message":"[functions] Got req.url=/mobsyscloudprak/us-central1/getUsers, mapping to path=/"}}
[debug] [2025-11-24T13:49:55.367Z] [worker-pool] addWorker(us-central1-getUsers) {"metadata":{"emulator":{"name":"functions"},"message":"[worker-pool] addWorker(us-central1-getUsers)"}}
[debug] [2025-11-24T13:49:55.368Z] [worker-pool] Adding worker with key us-central1-getUsers, total=1 {"metadata":{"emulator":{"name":"functions"},"message":"[worker-pool] Adding worker with key us-central1-getUsers, total=1"}}
[debug] [2025-11-24T13:49:56.549Z] [runtime-status] [63732] Resolved module firebase-admin {"declared":true,"installed":true,"version":"13.6.0","resolution":"C:\\Users\\User\\AndroidStudioProjects\\MobSysCloud_Prak1\\functions\\node_modules\\firebase-admin\\lib\\index.js"} {"metadata":{"emulator":{"name":"functions"},"function":{"name":"us-central1-getUsers"},"extension":{},"message":"[runtime-status] [63732] Resolved module firebase-admin {\"declared\":true,\"installed\":true,\"version\":\"13.6.0\",\"resolution\":\"C:\\\\Users\\\\User\\\\AndroidStudioProjects\\\\MobSysCloud_Prak1\\\\functions\\\\node_modules\\\\firebase-admin\\\\lib\\\\index.js\"}"}}
[debug] [2025-11-24T13:49:56.550Z] [runtime-status] [63732] Resolved module firebase-functions {"declared":true,"installed":true,"version":"7.0.0","resolution":"C:\\Users\\User\\AndroidStudioProjects\\MobSysCloud_Prak1\\functions\\node_modules\\firebase-functions\\lib\\v2\\index.js"} {"metadata":{"emulator":{"name":"functions"},"function":{"name":"us-central1-getUsers"},"extension":{},"message":"[runtime-status] [63732] Resolved module firebase-functions {\"declared\":true,\"installed\":true,\"version\":\"7.0.0\",\"resolution\":\"C:\\\\Users\\\\User\\\\AndroidStudioProjects\\\\MobSysCloud_Prak1\\\\functions\\\\node_modules\\\\firebase-functions\\\\lib\\\\v2\\\\index.js\"}"}}
[debug] [2025-11-24T13:49:56.551Z] [runtime-status] [63732] Outgoing network have been stubbed. [{"name":"http","status":"mocked"},{"name":"http","status":"mocked"},{"name":"https","status":"mocked"},{"name":"https","status":"mocked"},{"name":"net","status":"mocked"}] {"metadata":{"emulator":{"name":"functions"},"function":{"name":"us-central1-getUsers"},"extension":{},"message":"[runtime-status] [63732] Outgoing network have been stubbed. [{\"name\":\"http\",\"status\":\"mocked\"},{\"name\":\"http\",\"status\":\"mocked\"},{\"name\":\"https\",\"status\":\"mocked\"},{\"name\":\"https\",\"status\":\"mocked\"},{\"name\":\"net\",\"status\":\"mocked\"}]"}}
[debug] [2025-11-24T13:49:56.551Z] [runtime-status] [63732] Resolved module firebase-functions {"declared":true,"installed":true,"version":"7.0.0","resolution":"C:\\Users\\User\\AndroidStudioProjects\\MobSysCloud_Prak1\\functions\\node_modules\\firebase-functions\\lib\\v2\\index.js"} {"metadata":{"emulator":{"name":"functions"},"function":{"name":"us-central1-getUsers"},"extension":{},"message":"[runtime-status] [63732] Resolved module firebase-functions {\"declared\":true,\"installed\":true,\"version\":\"7.0.0\",\"resolution\":\"C:\\\\Users\\\\User\\\\AndroidStudioProjects\\\\MobSysCloud_Prak1\\\\functions\\\\node_modules\\\\firebase-functions\\\\lib\\\\v2\\\\index.js\"}"}}
[debug] [2025-11-24T13:49:56.552Z] [runtime-status] [63732] Detected firebase-functions v7+, skipping config helper. {"metadata":{"emulator":{"name":"functions"},"function":{"name":"us-central1-getUsers"},"extension":{},"message":"[runtime-status] [63732] Detected firebase-functions v7+, skipping config helper."}}
[debug] [2025-11-24T13:49:56.552Z] [runtime-status] [63732] Resolved module firebase-functions {"declared":true,"installed":true,"version":"7.0.0","resolution":"C:\\Users\\User\\AndroidStudioProjects\\MobSysCloud_Prak1\\functions\\node_modules\\firebase-functions\\lib\\v2\\index.js"} {"metadata":{"emulator":{"name":"functions"},"function":{"name":"us-central1-getUsers"},"extension":{},"message":"[runtime-status] [63732] Resolved module firebase-functions {\"declared\":true,\"installed\":true,\"version\":\"7.0.0\",\"resolution\":\"C:\\\\Users\\\\User\\\\AndroidStudioProjects\\\\MobSysCloud_Prak1\\\\functions\\\\node_modules\\\\firebase-functions\\\\lib\\\\v2\\\\index.js\"}"}}
[debug] [2025-11-24T13:49:56.552Z] [runtime-status] [63732] Detected firebase-functions v7+, skipping legacy stubs. {"metadata":{"emulator":{"name":"functions"},"function":{"name":"us-central1-getUsers"},"extension":{},"message":"[runtime-status] [63732] Detected firebase-functions v7+, skipping legacy stubs."}}
[debug] [2025-11-24T13:49:56.553Z] [runtime-status] [63732] Resolved module firebase-admin {"declared":true,"installed":true,"version":"13.6.0","resolution":"C:\\Users\\User\\AndroidStudioProjects\\MobSysCloud_Prak1\\functions\\node_modules\\firebase-admin\\lib\\index.js"} {"metadata":{"emulator":{"name":"functions"},"function":{"name":"us-central1-getUsers"},"extension":{},"message":"[runtime-status] [63732] Resolved module firebase-admin {\"declared\":true,\"installed\":true,\"version\":\"13.6.0\",\"resolution\":\"C:\\\\Users\\\\User\\\\AndroidStudioProjects\\\\MobSysCloud_Prak1\\\\functions\\\\node_modules\\\\firebase-admin\\\\lib\\\\index.js\"}"}}
[debug] [2025-11-24T13:49:56.658Z] [runtime-status] [63732] Resolved module firebase-functions {"declared":true,"installed":true,"version":"7.0.0","resolution":"C:\\Users\\User\\AndroidStudioProjects\\MobSysCloud_Prak1\\functions\\node_modules\\firebase-functions\\lib\\v2\\index.js"} {"metadata":{"emulator":{"name":"functions"},"function":{"name":"us-central1-getUsers"},"extension":{},"message":"[runtime-status] [63732] Resolved module firebase-functions {\"declared\":true,\"installed\":true,\"version\":\"7.0.0\",\"resolution\":\"C:\\\\Users\\\\User\\\\AndroidStudioProjects\\\\MobSysCloud_Prak1\\\\functions\\\\node_modules\\\\firebase-functions\\\\lib\\\\v2\\\\index.js\"}"}}
[debug] [2025-11-24T13:49:56.920Z] [runtime-status] [63732] firebase-admin has been stubbed. {"adminResolution":{"declared":true,"installed":true,"version":"13.6.0","resolution":"C:\\Users\\User\\AndroidStudioProjects\\MobSysCloud_Prak1\\functions\\node_modules\\firebase-admin\\lib\\index.js"}} {"metadata":{"emulator":{"name":"functions"},"function":{"name":"us-central1-getUsers"},"extension":{},"message":"[runtime-status] [63732] firebase-admin has been stubbed. {\"adminResolution\":{\"declared\":true,\"installed\":true,\"version\":\"13.6.0\",\"resolution\":\"C:\\\\Users\\\\User\\\\AndroidStudioProjects\\\\MobSysCloud_Prak1\\\\functions\\\\node_modules\\\\firebase-admin\\\\lib\\\\index.js\"}}"}}
[debug] [2025-11-24T13:49:56.922Z] [runtime-status] [63732] initializeApp(DEFAULT) {"storageBucket":"mobsyscloudprak.firebasestorage.app","projectId":"mobsyscloudprak"} {"metadata":{"emulator":{"name":"functions"},"function":{"name":"us-central1-getUsers"},"extension":{},"message":"[runtime-status] [63732] initializeApp(DEFAULT) {\"storageBucket\":\"mobsyscloudprak.firebasestorage.app\",\"projectId\":\"mobsyscloudprak\"}"}}
[debug] [2025-11-24T13:49:56.928Z] [runtime-status] [63732] Functions runtime initialized. {"cwd":"C:\\Users\\User\\AndroidStudioProjects\\MobSysCloud_Prak1\\functions","node_version":"20.10.0"} {"metadata":{"emulator":{"name":"functions"},"function":{"name":"us-central1-getUsers"},"extension":{},"message":"[runtime-status] [63732] Functions runtime initialized. {\"cwd\":\"C:\\\\Users\\\\User\\\\AndroidStudioProjects\\\\MobSysCloud_Prak1\\\\functions\",\"node_version\":\"20.10.0\"}"}}
[debug] [2025-11-24T13:49:56.929Z] [runtime-status] [63732] Listening to port: \\?\pipe\fire_emu_e3e5fe0b792e3379 {"metadata":{"emulator":{"name":"functions"},"function":{"name":"us-central1-getUsers"},"extension":{},"message":"[runtime-status] [63732] Listening to port: \\\\?\\pipe\\fire_emu_e3e5fe0b792e3379"}}
[debug] [2025-11-24T13:49:57.018Z] [worker-us-central1-getUsers-b26f6133-3057-47ad-88a1-d35be4f51356]: IDLE {"metadata":{"emulator":{"name":"functions"},"function":{"name":"us-central1-getUsers"},"extension":{},"message":"[worker-us-central1-getUsers-b26f6133-3057-47ad-88a1-d35be4f51356]: IDLE"}}
[debug] [2025-11-24T13:49:57.019Z] [worker-pool] submitRequest(triggerId=us-central1-getUsers) {"metadata":{"emulator":{"name":"functions"},"message":"[worker-pool] submitRequest(triggerId=us-central1-getUsers)"}}
[info] i  functions: Beginning execution of "us-central1-getUsers" {"metadata":{"emulator":{"name":"functions"},"function":{"name":"us-central1-getUsers"},"extension":{},"message":"Beginning execution of \"us-central1-getUsers\""}}
[debug] [2025-11-24T13:49:57.020Z] [worker-us-central1-getUsers-b26f6133-3057-47ad-88a1-d35be4f51356]: BUSY {"metadata":{"emulator":{"name":"functions"},"function":{"name":"us-central1-getUsers"},"extension":{},"message":"[worker-us-central1-getUsers-b26f6133-3057-47ad-88a1-d35be4f51356]: BUSY"}}
[warn] !  functions: The Cloud Firestore emulator is not running, so calls to Firestore will affect production. {"metadata":{"emulator":{"name":"functions"},"function":{"name":"us-central1-getUsers"},"extension":{},"message":"The Cloud Firestore emulator is not running, so calls to Firestore will affect production."}}
[warn] !  Google API requested!
   - URL: "https://oauth2.googleapis.com/token"
   - Be careful, this may be a production service. {"metadata":{"emulator":{"name":"functions"},"function":{"name":"us-central1-getUsers"},"extension":{},"message":"Google API requested!\n   - URL: \"https://oauth2.googleapis.com/token\"\n   - Be careful, this may be a production service."}}
[debug] [2025-11-24T13:49:57.740Z] Finishing up request with event=pause {"metadata":{"emulator":{"name":"functions"},"function":{"name":"us-central1-getUsers"},"extension":{},"message":"Finishing up request with event=pause"}}
[info] i  functions: Finished "us-central1-getUsers" in 720.6916ms {"metadata":{"emulator":{"name":"functions"},"function":{"name":"us-central1-getUsers"},"extension":{},"message":"Finished \"us-central1-getUsers\" in 720.6916ms"}}
[debug] [2025-11-24T13:49:57.741Z] [worker-us-central1-getUsers-b26f6133-3057-47ad-88a1-d35be4f51356]: IDLE {"metadata":{"emulator":{"name":"functions"},"function":{"name":"us-central1-getUsers"},"extension":{},"message":"[worker-us-central1-getUsers-b26f6133-3057-47ad-88a1-d35be4f51356]: IDLE"}}
[debug] [2025-11-24T13:49:57.741Z] Finishing up request with event=finish {"metadata":{"emulator":{"name":"functions"},"function":{"name":"us-central1-getUsers"},"extension":{},"message":"Finishing up request with event=finish"}}
[debug] [2025-11-24T13:49:57.741Z] Finishing up request with event=close {"metadata":{"emulator":{"name":"functions"},"function":{"name":"us-central1-getUsers"},"extension":{},"message":"Finishing up request with event=close"}}
[debug] [2025-11-24T13:49:57.741Z] [work-queue] {"queuedWork":[],"queueLength":0,"runningWork":[],"workRunningCount":0}
[debug] [2025-11-24T13:50:19.084Z] [work-queue] {"queuedWork":["/mobsyscloudprak/us-central1/getLocations-2025-11-24T13:50:19.084Z"],"queueLength":1,"runningWork":[],"workRunningCount":0}
[debug] [2025-11-24T13:50:19.084Z] [work-queue] {"queuedWork":[],"queueLength":0,"runningWork":["/mobsyscloudprak/us-central1/getLocations-2025-11-24T13:50:19.084Z"],"workRunningCount":1}
[debug] [2025-11-24T13:50:19.084Z] Accepted request GET /mobsyscloudprak/us-central1/getLocations --> us-central1-getLocations
[debug] [2025-11-24T13:50:19.085Z] [functions] Runtime ready! Sending request! {"metadata":{"emulator":{"name":"functions"},"message":"[functions] Runtime ready! Sending request!"}}
[debug] [2025-11-24T13:50:19.085Z] [functions] Got req.url=/mobsyscloudprak/us-central1/getLocations, mapping to path=/ {"metadata":{"emulator":{"name":"functions"},"message":"[functions] Got req.url=/mobsyscloudprak/us-central1/getLocations, mapping to path=/"}}
[debug] [2025-11-24T13:50:19.089Z] [worker-pool] addWorker(us-central1-getLocations) {"metadata":{"emulator":{"name":"functions"},"message":"[worker-pool] addWorker(us-central1-getLocations)"}}
[debug] [2025-11-24T13:50:19.089Z] [worker-pool] Adding worker with key us-central1-getLocations, total=1 {"metadata":{"emulator":{"name":"functions"},"message":"[worker-pool] Adding worker with key us-central1-getLocations, total=1"}}
[debug] [2025-11-24T13:50:20.281Z] [runtime-status] [63676] Resolved module firebase-admin {"declared":true,"installed":true,"version":"13.6.0","resolution":"C:\\Users\\User\\AndroidStudioProjects\\MobSysCloud_Prak1\\functions\\node_modules\\firebase-admin\\lib\\index.js"} {"metadata":{"emulator":{"name":"functions"},"function":{"name":"us-central1-getLocations"},"extension":{},"message":"[runtime-status] [63676] Resolved module firebase-admin {\"declared\":true,\"installed\":true,\"version\":\"13.6.0\",\"resolution\":\"C:\\\\Users\\\\User\\\\AndroidStudioProjects\\\\MobSysCloud_Prak1\\\\functions\\\\node_modules\\\\firebase-admin\\\\lib\\\\index.js\"}"}}
[debug] [2025-11-24T13:50:20.283Z] [runtime-status] [63676] Resolved module firebase-functions {"declared":true,"installed":true,"version":"7.0.0","resolution":"C:\\Users\\User\\AndroidStudioProjects\\MobSysCloud_Prak1\\functions\\node_modules\\firebase-functions\\lib\\v2\\index.js"} {"metadata":{"emulator":{"name":"functions"},"function":{"name":"us-central1-getLocations"},"extension":{},"message":"[runtime-status] [63676] Resolved module firebase-functions {\"declared\":true,\"installed\":true,\"version\":\"7.0.0\",\"resolution\":\"C:\\\\Users\\\\User\\\\AndroidStudioProjects\\\\MobSysCloud_Prak1\\\\functions\\\\node_modules\\\\firebase-functions\\\\lib\\\\v2\\\\index.js\"}"}}
[debug] [2025-11-24T13:50:20.284Z] [runtime-status] [63676] Outgoing network have been stubbed. [{"name":"http","status":"mocked"},{"name":"http","status":"mocked"},{"name":"https","status":"mocked"},{"name":"https","status":"mocked"},{"name":"net","status":"mocked"}] {"metadata":{"emulator":{"name":"functions"},"function":{"name":"us-central1-getLocations"},"extension":{},"message":"[runtime-status] [63676] Outgoing network have been stubbed. [{\"name\":\"http\",\"status\":\"mocked\"},{\"name\":\"http\",\"status\":\"mocked\"},{\"name\":\"https\",\"status\":\"mocked\"},{\"name\":\"https\",\"status\":\"mocked\"},{\"name\":\"net\",\"status\":\"mocked\"}]"}}
[debug] [2025-11-24T13:50:20.284Z] [runtime-status] [63676] Resolved module firebase-functions {"declared":true,"installed":true,"version":"7.0.0","resolution":"C:\\Users\\User\\AndroidStudioProjects\\MobSysCloud_Prak1\\functions\\node_modules\\firebase-functions\\lib\\v2\\index.js"} {"metadata":{"emulator":{"name":"functions"},"function":{"name":"us-central1-getLocations"},"extension":{},"message":"[runtime-status] [63676] Resolved module firebase-functions {\"declared\":true,\"installed\":true,\"version\":\"7.0.0\",\"resolution\":\"C:\\\\Users\\\\User\\\\AndroidStudioProjects\\\\MobSysCloud_Prak1\\\\functions\\\\node_modules\\\\firebase-functions\\\\lib\\\\v2\\\\index.js\"}"}}
[debug] [2025-11-24T13:50:20.285Z] [runtime-status] [63676] Detected firebase-functions v7+, skipping config helper. {"metadata":{"emulator":{"name":"functions"},"function":{"name":"us-central1-getLocations"},"extension":{},"message":"[runtime-status] [63676] Detected firebase-functions v7+, skipping config helper."}}
[debug] [2025-11-24T13:50:20.285Z] [runtime-status] [63676] Resolved module firebase-functions {"declared":true,"installed":true,"version":"7.0.0","resolution":"C:\\Users\\User\\AndroidStudioProjects\\MobSysCloud_Prak1\\functions\\node_modules\\firebase-functions\\lib\\v2\\index.js"} {"metadata":{"emulator":{"name":"functions"},"function":{"name":"us-central1-getLocations"},"extension":{},"message":"[runtime-status] [63676] Resolved module firebase-functions {\"declared\":true,\"installed\":true,\"version\":\"7.0.0\",\"resolution\":\"C:\\\\Users\\\\User\\\\AndroidStudioProjects\\\\MobSysCloud_Prak1\\\\functions\\\\node_modules\\\\firebase-functions\\\\lib\\\\v2\\\\index.js\"}"}}
[debug] [2025-11-24T13:50:20.285Z] [runtime-status] [63676] Detected firebase-functions v7+, skipping legacy stubs. {"metadata":{"emulator":{"name":"functions"},"function":{"name":"us-central1-getLocations"},"extension":{},"message":"[runtime-status] [63676] Detected firebase-functions v7+, skipping legacy stubs."}}
[debug] [2025-11-24T13:50:20.286Z] [runtime-status] [63676] Resolved module firebase-admin {"declared":true,"installed":true,"version":"13.6.0","resolution":"C:\\Users\\User\\AndroidStudioProjects\\MobSysCloud_Prak1\\functions\\node_modules\\firebase-admin\\lib\\index.js"} {"metadata":{"emulator":{"name":"functions"},"function":{"name":"us-central1-getLocations"},"extension":{},"message":"[runtime-status] [63676] Resolved module firebase-admin {\"declared\":true,\"installed\":true,\"version\":\"13.6.0\",\"resolution\":\"C:\\\\Users\\\\User\\\\AndroidStudioProjects\\\\MobSysCloud_Prak1\\\\functions\\\\node_modules\\\\firebase-admin\\\\lib\\\\index.js\"}"}}
[debug] [2025-11-24T13:50:20.392Z] [runtime-status] [63676] Resolved module firebase-functions {"declared":true,"installed":true,"version":"7.0.0","resolution":"C:\\Users\\User\\AndroidStudioProjects\\MobSysCloud_Prak1\\functions\\node_modules\\firebase-functions\\lib\\v2\\index.js"} {"metadata":{"emulator":{"name":"functions"},"function":{"name":"us-central1-getLocations"},"extension":{},"message":"[runtime-status] [63676] Resolved module firebase-functions {\"declared\":true,\"installed\":true,\"version\":\"7.0.0\",\"resolution\":\"C:\\\\Users\\\\User\\\\AndroidStudioProjects\\\\MobSysCloud_Prak1\\\\functions\\\\node_modules\\\\firebase-functions\\\\lib\\\\v2\\\\index.js\"}"}}
[debug] [2025-11-24T13:50:20.656Z] [runtime-status] [63676] firebase-admin has been stubbed. {"adminResolution":{"declared":true,"installed":true,"version":"13.6.0","resolution":"C:\\Users\\User\\AndroidStudioProjects\\MobSysCloud_Prak1\\functions\\node_modules\\firebase-admin\\lib\\index.js"}} {"metadata":{"emulator":{"name":"functions"},"function":{"name":"us-central1-getLocations"},"extension":{},"message":"[runtime-status] [63676] firebase-admin has been stubbed. {\"adminResolution\":{\"declared\":true,\"installed\":true,\"version\":\"13.6.0\",\"resolution\":\"C:\\\\Users\\\\User\\\\AndroidStudioProjects\\\\MobSysCloud_Prak1\\\\functions\\\\node_modules\\\\firebase-admin\\\\lib\\\\index.js\"}}"}}
[debug] [2025-11-24T13:50:20.659Z] [runtime-status] [63676] initializeApp(DEFAULT) {"storageBucket":"mobsyscloudprak.firebasestorage.app","projectId":"mobsyscloudprak"} {"metadata":{"emulator":{"name":"functions"},"function":{"name":"us-central1-getLocations"},"extension":{},"message":"[runtime-status] [63676] initializeApp(DEFAULT) {\"storageBucket\":\"mobsyscloudprak.firebasestorage.app\",\"projectId\":\"mobsyscloudprak\"}"}}
[debug] [2025-11-24T13:50:20.664Z] [runtime-status] [63676] Functions runtime initialized. {"cwd":"C:\\Users\\User\\AndroidStudioProjects\\MobSysCloud_Prak1\\functions","node_version":"20.10.0"} {"metadata":{"emulator":{"name":"functions"},"function":{"name":"us-central1-getLocations"},"extension":{},"message":"[runtime-status] [63676] Functions runtime initialized. {\"cwd\":\"C:\\\\Users\\\\User\\\\AndroidStudioProjects\\\\MobSysCloud_Prak1\\\\functions\",\"node_version\":\"20.10.0\"}"}}
[debug] [2025-11-24T13:50:20.664Z] [runtime-status] [63676] Listening to port: \\?\pipe\fire_emu_477c790a95b23977 {"metadata":{"emulator":{"name":"functions"},"function":{"name":"us-central1-getLocations"},"extension":{},"message":"[runtime-status] [63676] Listening to port: \\\\?\\pipe\\fire_emu_477c790a95b23977"}}
[debug] [2025-11-24T13:50:20.719Z] [worker-us-central1-getLocations-9c715bcd-5e74-40d0-8f1c-02f183ad6ee2]: IDLE {"metadata":{"emulator":{"name":"functions"},"function":{"name":"us-central1-getLocations"},"extension":{},"message":"[worker-us-central1-getLocations-9c715bcd-5e74-40d0-8f1c-02f183ad6ee2]: IDLE"}}
[debug] [2025-11-24T13:50:20.719Z] [worker-pool] submitRequest(triggerId=us-central1-getLocations) {"metadata":{"emulator":{"name":"functions"},"message":"[worker-pool] submitRequest(triggerId=us-central1-getLocations)"}}
[info] i  functions: Beginning execution of "us-central1-getLocations" {"metadata":{"emulator":{"name":"functions"},"function":{"name":"us-central1-getLocations"},"extension":{},"message":"Beginning execution of \"us-central1-getLocations\""}}
[debug] [2025-11-24T13:50:20.720Z] [worker-us-central1-getLocations-9c715bcd-5e74-40d0-8f1c-02f183ad6ee2]: BUSY {"metadata":{"emulator":{"name":"functions"},"function":{"name":"us-central1-getLocations"},"extension":{},"message":"[worker-us-central1-getLocations-9c715bcd-5e74-40d0-8f1c-02f183ad6ee2]: BUSY"}}
[warn] !  Google API requested!
   - URL: "https://oauth2.googleapis.com/token"
   - Be careful, this may be a production service. {"metadata":{"emulator":{"name":"functions"},"function":{"name":"us-central1-getLocations"},"extension":{},"message":"Google API requested!\n   - URL: \"https://oauth2.googleapis.com/token\"\n   - Be careful, this may be a production service."}}
[debug] [2025-11-24T13:50:21.350Z] Finishing up request with event=pause {"metadata":{"emulator":{"name":"functions"},"function":{"name":"us-central1-getLocations"},"extension":{},"message":"Finishing up request with event=pause"}}
[info] i  functions: Finished "us-central1-getLocations" in 629.7691ms {"metadata":{"emulator":{"name":"functions"},"function":{"name":"us-central1-getLocations"},"extension":{},"message":"Finished \"us-central1-getLocations\" in 629.7691ms"}}
[debug] [2025-11-24T13:50:21.351Z] [worker-us-central1-getLocations-9c715bcd-5e74-40d0-8f1c-02f183ad6ee2]: IDLE {"metadata":{"emulator":{"name":"functions"},"function":{"name":"us-central1-getLocations"},"extension":{},"message":"[worker-us-central1-getLocations-9c715bcd-5e74-40d0-8f1c-02f183ad6ee2]: IDLE"}}
[debug] [2025-11-24T13:50:21.351Z] Finishing up request with event=finish {"metadata":{"emulator":{"name":"functions"},"function":{"name":"us-central1-getLocations"},"extension":{},"message":"Finishing up request with event=finish"}}
[debug] [2025-11-24T13:50:21.351Z] Finishing up request with event=close {"metadata":{"emulator":{"name":"functions"},"function":{"name":"us-central1-getLocations"},"extension":{},"message":"Finishing up request with event=close"}}
[debug] [2025-11-24T13:50:21.351Z] [work-queue] {"queuedWork":[],"queueLength":0,"runningWork":[],"workRunningCount":0}
[debug] [2025-11-24T13:55:10.400Z] [work-queue] {"queuedWork":["/mobsyscloudprak/us-central1/getUsers-2025-11-24T13:55:10.400Z"],"queueLength":1,"runningWork":[],"workRunningCount":0}
[debug] [2025-11-24T13:55:10.401Z] [work-queue] {"queuedWork":[],"queueLength":0,"runningWork":["/mobsyscloudprak/us-central1/getUsers-2025-11-24T13:55:10.400Z"],"workRunningCount":1}
[debug] [2025-11-24T13:55:10.401Z] Accepted request GET /mobsyscloudprak/us-central1/getUsers --> us-central1-getUsers
[debug] [2025-11-24T13:55:10.401Z] [functions] Runtime ready! Sending request! {"metadata":{"emulator":{"name":"functions"},"message":"[functions] Runtime ready! Sending request!"}}
[debug] [2025-11-24T13:55:10.401Z] [functions] Got req.url=/mobsyscloudprak/us-central1/getUsers, mapping to path=/ {"metadata":{"emulator":{"name":"functions"},"message":"[functions] Got req.url=/mobsyscloudprak/us-central1/getUsers, mapping to path=/"}}
[debug] [2025-11-24T13:55:10.402Z] [worker-pool] submitRequest(triggerId=us-central1-getUsers) {"metadata":{"emulator":{"name":"functions"},"message":"[worker-pool] submitRequest(triggerId=us-central1-getUsers)"}}
[info] i  functions: Beginning execution of "us-central1-getUsers" {"metadata":{"emulator":{"name":"functions"},"function":{"name":"us-central1-getUsers"},"extension":{},"message":"Beginning execution of \"us-central1-getUsers\""}}
[debug] [2025-11-24T13:55:10.402Z] [worker-us-central1-getUsers-b26f6133-3057-47ad-88a1-d35be4f51356]: BUSY {"metadata":{"emulator":{"name":"functions"},"function":{"name":"us-central1-getUsers"},"extension":{},"message":"[worker-us-central1-getUsers-b26f6133-3057-47ad-88a1-d35be4f51356]: BUSY"}}
[debug] [2025-11-24T13:55:10.629Z] Finishing up request with event=pause {"metadata":{"emulator":{"name":"functions"},"function":{"name":"us-central1-getUsers"},"extension":{},"message":"Finishing up request with event=pause"}}
[info] i  functions: Finished "us-central1-getUsers" in 226.7807ms {"metadata":{"emulator":{"name":"functions"},"function":{"name":"us-central1-getUsers"},"extension":{},"message":"Finished \"us-central1-getUsers\" in 226.7807ms"}}
[debug] [2025-11-24T13:55:10.629Z] [worker-us-central1-getUsers-b26f6133-3057-47ad-88a1-d35be4f51356]: IDLE {"metadata":{"emulator":{"name":"functions"},"function":{"name":"us-central1-getUsers"},"extension":{},"message":"[worker-us-central1-getUsers-b26f6133-3057-47ad-88a1-d35be4f51356]: IDLE"}}
[debug] [2025-11-24T13:55:10.629Z] Finishing up request with event=finish {"metadata":{"emulator":{"name":"functions"},"function":{"name":"us-central1-getUsers"},"extension":{},"message":"Finishing up request with event=finish"}}
[debug] [2025-11-24T13:55:10.629Z] Finishing up request with event=close {"metadata":{"emulator":{"name":"functions"},"function":{"name":"us-central1-getUsers"},"extension":{},"message":"Finishing up request with event=close"}}
[debug] [2025-11-24T13:55:10.629Z] [work-queue] {"queuedWork":[],"queueLength":0,"runningWork":[],"workRunningCount":0}
